1491689661051	geckodriver	INFO	Listening on 127.0.0.1:64767
1491689662121	mozprofile::profile	INFO	Using profile path /var/folders/hm/f8zhvj8j1w12ffx1npl9k1280000gn/T/rust_mozprofile.WjjjSUYvRA8w
1491689662122	geckodriver::marionette	INFO	Starting browser /Applications/Firefox.app/Contents/MacOS/firefox-bin with args []
1491689662124	geckodriver::marionette	INFO	Connecting to Marionette on localhost:64780
[warn] kq_init: detected broken kqueue; not using.: Undefined error: 0
1491689735529	geckodriver	INFO	Listening on 127.0.0.1:64816
1491689736602	mozprofile::profile	INFO	Using profile path /var/folders/hm/f8zhvj8j1w12ffx1npl9k1280000gn/T/rust_mozprofile.vZnBnMVSgGzC
1491689736602	geckodriver::marionette	INFO	Starting browser /Applications/Firefox.app/Contents/MacOS/firefox-bin with args []
1491689736605	geckodriver::marionette	INFO	Connecting to Marionette on localhost:64829
[warn] kq_init: detected broken kqueue; not using.: Undefined error: 0
1491689781314	geckodriver	INFO	Listening on 127.0.0.1:64867
1491689782379	mozprofile::profile	INFO	Using profile path /var/folders/hm/f8zhvj8j1w12ffx1npl9k1280000gn/T/rust_mozprofile.qCURGnQ9gNcT
1491689782380	geckodriver::marionette	INFO	Starting browser /Applications/Firefox.app/Contents/MacOS/firefox-bin with args []
1491689782382	geckodriver::marionette	INFO	Connecting to Marionette on localhost:64880
[warn] kq_init: detected broken kqueue; not using.: Undefined error: 0
1491689797520	geckodriver	INFO	Listening on 127.0.0.1:64914
1491689798590	mozprofile::profile	INFO	Using profile path /var/folders/hm/f8zhvj8j1w12ffx1npl9k1280000gn/T/rust_mozprofile.owEe5OJMrtNC
1491689798591	geckodriver::marionette	INFO	Starting browser /Applications/Firefox.app/Contents/MacOS/firefox-bin with args []
1491689798593	geckodriver::marionette	INFO	Connecting to Marionette on localhost:64927
[warn] kq_init: detected broken kqueue; not using.: Undefined error: 0
1492086552530	geckodriver	INFO	Listening on 127.0.0.1:50865
1492086553794	mozprofile::profile	INFO	Using profile path /var/folders/hm/f8zhvj8j1w12ffx1npl9k1280000gn/T/rust_mozprofile.HZGGz7kQUN3K
1492086553795	geckodriver::marionette	INFO	Starting browser /Applications/Firefox.app/Contents/MacOS/firefox-bin with args []
1492086553821	geckodriver::marionette	INFO	Connecting to Marionette on localhost:50878
[warn] kq_init: detected broken kqueue; not using.: Undefined error: 0
1492120230233	geckodriver	INFO	Listening on 127.0.0.1:51552
1492120231368	mozprofile::profile	INFO	Using profile path /var/folders/hm/f8zhvj8j1w12ffx1npl9k1280000gn/T/rust_mozprofile.3uN8XScBcSE5
1492120231369	geckodriver::marionette	INFO	Starting browser /Applications/Firefox.app/Contents/MacOS/firefox-bin with args []
1492120231373	geckodriver::marionette	INFO	Connecting to Marionette on localhost:51565
[warn] kq_init: detected broken kqueue; not using.: Undefined error: 0
1492120264095	geckodriver	INFO	Listening on 127.0.0.1:51599
1492120265163	mozprofile::profile	INFO	Using profile path /var/folders/hm/f8zhvj8j1w12ffx1npl9k1280000gn/T/rust_mozprofile.SofF7BTO6r1b
1492120265164	geckodriver::marionette	INFO	Starting browser /Applications/Firefox.app/Contents/MacOS/firefox-bin with args []
1492120265168	geckodriver::marionette	INFO	Connecting to Marionette on localhost:51612
[warn] kq_init: detected broken kqueue; not using.: Undefined error: 0
1492188918305	geckodriver	INFO	Listening on 127.0.0.1:55651
1492188919522	mozprofile::profile	INFO	Using profile path /var/folders/hm/f8zhvj8j1w12ffx1npl9k1280000gn/T/rust_mozprofile.jNc5AjXoe0UY
1492188919523	geckodriver::marionette	INFO	Starting browser /Applications/Firefox.app/Contents/MacOS/firefox-bin with args []
1492188919526	geckodriver::marionette	INFO	Connecting to Marionette on localhost:55664
[warn] kq_init: detected broken kqueue; not using.: Undefined error: 0
2017-04-14 18:06:29.392 firefox-bin[1389:181730] WARNING: nextEventMatchingMask should only be called from the Main Thread! This will throw an exception in the future.
1492189672473	geckodriver	INFO	Listening on 127.0.0.1:55758
1492189673607	mozprofile::profile	INFO	Using profile path /var/folders/hm/f8zhvj8j1w12ffx1npl9k1280000gn/T/rust_mozprofile.KyCiWkmKf0jQ
1492189673608	geckodriver::marionette	INFO	Starting browser /Applications/Firefox.app/Contents/MacOS/firefox-bin with args []
1492189673611	geckodriver::marionette	INFO	Connecting to Marionette on localhost:55771
1492189674542	Marionette	INFO	Listening on port 55771
1492189674814	Marionette	WARN	TLS certificate errors will be ignored for this session
2017-04-14 18:07:56.368 plugin-container[2297:182320] *** CFMessagePort: bootstrap_register(): failed 1100 (0x44c) 'Permission denied', port = 0x9b3b, name = 'com.apple.tsm.portname'
See /usr/include/servers/bootstrap_defs.h for the error codes.
2017-04-14 18:07:56.371 plugin-container[2297:182320] *** CFMessagePort: bootstrap_register(): failed 1100 (0x44c) 'Permission denied', port = 0x9e03, name = 'com.apple.CFPasteboardClient'
See /usr/include/servers/bootstrap_defs.h for the error codes.
1492189676498	Marionette	INFO	New connections will no longer be accepted
console.error: 
  Could not write session state file 
  Message: Unix error 2 during operation makeDir on file /var/folders/hm/f8zhvj8j1w12ffx1npl9k1280000gn/T/rust_mozprofile.KyCiWkmKf0jQ/sessionstore-backups (No such file or directory)
  
JavaScript error: resource://gre/modules/addons/XPIProvider.jsm, line 1510: NS_ERROR_FILE_TARGET_DOES_NOT_EXIST: Component returned failure code: 0x80520006 (NS_ERROR_FILE_TARGET_DOES_NOT_EXIST) [nsIFile.isDirectory]
1492203708820	geckodriver	INFO	Listening on 127.0.0.1:57873
1492203709953	mozprofile::profile	INFO	Using profile path /var/folders/hm/f8zhvj8j1w12ffx1npl9k1280000gn/T/rust_mozprofile.EZ5zVdqf1k4T
1492203709953	geckodriver::marionette	INFO	Starting browser /Applications/Firefox.app/Contents/MacOS/firefox-bin with args []
1492203709982	geckodriver::marionette	INFO	Connecting to Marionette on localhost:57886
1492203710849	Marionette	INFO	Listening on port 57886
1492203711171	Marionette	WARN	TLS certificate errors will be ignored for this session
2017-04-14 22:01:52.384 plugin-container[2677:228178] *** CFMessagePort: bootstrap_register(): failed 1100 (0x44c) 'Permission denied', port = 0x9b3b, name = 'com.apple.tsm.portname'
See /usr/include/servers/bootstrap_defs.h for the error codes.
2017-04-14 22:01:52.384 plugin-container[2677:228178] *** CFMessagePort: bootstrap_register(): failed 1100 (0x44c) 'Permission denied', port = 0x9e03, name = 'com.apple.CFPasteboardClient'
See /usr/include/servers/bootstrap_defs.h for the error codes.
1492203712650	Marionette	INFO	New connections will no longer be accepted
[Child 2677] ###!!! ABORT: Aborting on channel error.: file /builds/slave/m-rel-m64-00000000000000000000/build/src/ipc/glue/MessageChannel.cpp, line 2143
[Child 2677] ###!!! ABORT: Aborting on channel error.: file /builds/slave/m-rel-m64-00000000000000000000/build/src/ipc/glue/MessageChannel.cpp, line 2143
1492204227120	geckodriver	INFO	Listening on 127.0.0.1:58180
1492204228245	mozprofile::profile	INFO	Using profile path /var/folders/hm/f8zhvj8j1w12ffx1npl9k1280000gn/T/rust_mozprofile.rATh7DptuUOv
1492204228246	geckodriver::marionette	INFO	Starting browser /Applications/Firefox.app/Contents/MacOS/firefox-bin with args []
1492204228248	geckodriver::marionette	INFO	Connecting to Marionette on localhost:58193
1492204229087	Marionette	INFO	Listening on port 58193
1492204229410	Marionette	WARN	TLS certificate errors will be ignored for this session
2017-04-14 22:10:30.585 plugin-container[2708:231956] *** CFMessagePort: bootstrap_register(): failed 1100 (0x44c) 'Permission denied', port = 0x9b3b, name = 'com.apple.tsm.portname'
See /usr/include/servers/bootstrap_defs.h for the error codes.
2017-04-14 22:10:30.587 plugin-container[2708:231956] *** CFMessagePort: bootstrap_register(): failed 1100 (0x44c) 'Permission denied', port = 0x9e03, name = 'com.apple.CFPasteboardClient'
See /usr/include/servers/bootstrap_defs.h for the error codes.
1492204230833	Marionette	INFO	New connections will no longer be accepted
[Child 2708] ###!!! ABORT: Aborting on channel error.: file /builds/slave/m-rel-m64-00000000000000000000/build/src/ipc/glue/MessageChannel.cpp, line 2143
[Child 2708] ###!!! ABORT: Aborting on channel error.: file /builds/slave/m-rel-m64-00000000000000000000/build/src/ipc/glue/MessageChannel.cpp, line 2143
